<?xml version="1.0" encoding="UTF-8"?>
<!-- Generated by org.testng.reporters.JUnitXMLReporter -->
<testsuite hostname="DESKTOP-EIAJLKB" ignored="0" name="TestParallal" tests="6" failures="0" timestamp="23 Sep 2018 10:25:34 GMT" time="0.037" errors="0">
  <testcase name="A" time="0.01" classname="sample.TestNg2"/>
  <testcase name="B" time="0.01" classname="sample.TestNg2"/>
  <testcase name="c" time="0.01" classname="sample.TestNg2"/>
  <testcase name="B" time="0.001" classname="sample.TestNg3"/>
  <testcase name="A" time="0.003" classname="sample.TestNg3"/>
  <testcase name="c" time="0.003" classname="sample.TestNg3"/>
</testsuite> <!-- TestParallal -->
