<?xml version="1.0" encoding="UTF-8"?>
<!-- Generated by org.testng.reporters.JUnitXMLReporter -->
<testsuite hostname="DESKTOP-EIAJLKB" ignored="6" name="TestGroup" tests="3" failures="0" timestamp="28 Sep 2018 17:19:15 GMT" time="0.032" errors="0">
  <testcase name="A" time="0.009" classname="sample.TestNgParallalTest"/>
  <testcase name="c" time="0.001" classname="sample.TestNg2"/>
  <testcase name="B" time="0.001" classname="sample.TestNg3"/>
  <testcase name="c" time="0.0" classname="sample.TestNg3">
    <ignored/>
  </testcase> <!-- c -->
  <testcase name="c" time="0.0" classname="sample.TestNgParallalTest">
    <ignored/>
  </testcase> <!-- c -->
  <testcase name="B" time="0.0" classname="sample.TestNgParallalTest">
    <ignored/>
  </testcase> <!-- B -->
  <testcase name="A" time="0.0" classname="sample.TestNg2">
    <ignored/>
  </testcase> <!-- A -->
  <testcase name="B" time="0.0" classname="sample.TestNg2">
    <ignored/>
  </testcase> <!-- B -->
  <testcase name="A" time="0.0" classname="sample.TestNg3">
    <ignored/>
  </testcase> <!-- A -->
</testsuite> <!-- TestGroup -->
